Not Found: /favicon.ico
"GET /favicon.ico HTTP/1.1" 404 4620
Internal Server Error: /visita/3/borrar/
Traceback (most recent call last):
  File "C:\Users\crozz\OneDrive\Escritorio\ProyectoAurauco\SeguridadArauco\.venv\Lib\site-packages\django\core\handlers\exception.py", line 55, in inner
    response = get_response(request)
  File "C:\Users\crozz\OneDrive\Escritorio\ProyectoAurauco\SeguridadArauco\.venv\Lib\site-packages\django\core\handlers\base.py", line 220, in _get_response
    response = response.render()
  File "C:\Users\crozz\OneDrive\Escritorio\ProyectoAurauco\SeguridadArauco\.venv\Lib\site-packages\django\template\response.py", line 114, in render
    self.content = self.rendered_content
                   ^^^^^^^^^^^^^^^^^^^^^
  File "C:\Users\crozz\OneDrive\Escritorio\ProyectoAurauco\SeguridadArauco\.venv\Lib\site-packages\django\template\response.py", line 92, in rendered_content
    return template.render(context, self._request)
           ~~~~~~~~~~~~~~~^^^^^^^^^^^^^^^^^^^^^^^^
  File "C:\Users\crozz\OneDrive\Escritorio\ProyectoAurauco\SeguridadArauco\.venv\Lib\site-packages\django\template\backends\django.py", line 107, in render
    return self.template.render(context)
           ~~~~~~~~~~~~~~~~~~~~^^^^^^^^^
  File "C:\Users\crozz\OneDrive\Escritorio\ProyectoAurauco\SeguridadArauco\.venv\Lib\site-packages\django\template\base.py", line 171, in render
    return self._render(context)
           ~~~~~~~~~~~~^^^^^^^^^
  File "C:\Users\crozz\OneDrive\Escritorio\ProyectoAurauco\SeguridadArauco\.venv\Lib\site-packages\django\template\base.py", line 163, in _render
    return self.nodelist.render(context)
           ~~~~~~~~~~~~~~~~~~~~^^^^^^^^^
  File "C:\Users\crozz\OneDrive\Escritorio\ProyectoAurauco\SeguridadArauco\.venv\Lib\site-packages\django\template\base.py", line 1016, in render
    return SafeString("".join([node.render_annotated(context) for node in self]))
                               ~~~~~~~~~~~~~~~~~~~~~^^^^^^^^^
  File "C:\Users\crozz\OneDrive\Escritorio\ProyectoAurauco\SeguridadArauco\.venv\Lib\site-packages\django\template\base.py", line 977, in render_annotated
    return self.render(context)
           ~~~~~~~~~~~^^^^^^^^^
  File "C:\Users\crozz\OneDrive\Escritorio\ProyectoAurauco\SeguridadArauco\.venv\Lib\site-packages\django\template\loader_tags.py", line 159, in render
    return compiled_parent._render(context)
           ~~~~~~~~~~~~~~~~~~~~~~~^^^^^^^^^
  File "C:\Users\crozz\OneDrive\Escritorio\ProyectoAurauco\SeguridadArauco\.venv\Lib\site-packages\django\template\base.py", line 163, in _render
    return self.nodelist.render(context)
           ~~~~~~~~~~~~~~~~~~~~^^^^^^^^^
  File "C:\Users\crozz\OneDrive\Escritorio\ProyectoAurauco\SeguridadArauco\.venv\Lib\site-packages\django\template\base.py", line 1016, in render
    return SafeString("".join([node.render_annotated(context) for node in self]))
                               ~~~~~~~~~~~~~~~~~~~~~^^^^^^^^^
  File "C:\Users\crozz\OneDrive\Escritorio\ProyectoAurauco\SeguridadArauco\.venv\Lib\site-packages\django\template\base.py", line 977, in render_annotated
    return self.render(context)
           ~~~~~~~~~~~^^^^^^^^^
  File "C:\Users\crozz\OneDrive\Escritorio\ProyectoAurauco\SeguridadArauco\.venv\Lib\site-packages\django\template\loader_tags.py", line 65, in render
    result = block.nodelist.render(context)
  File "C:\Users\crozz\OneDrive\Escritorio\ProyectoAurauco\SeguridadArauco\.venv\Lib\site-packages\django\template\base.py", line 1016, in render
    return SafeString("".join([node.render_annotated(context) for node in self]))
                               ~~~~~~~~~~~~~~~~~~~~~^^^^^^^^^
  File "C:\Users\crozz\OneDrive\Escritorio\ProyectoAurauco\SeguridadArauco\.venv\Lib\site-packages\django\template\base.py", line 977, in render_annotated
    return self.render(context)
           ~~~~~~~~~~~^^^^^^^^^
  File "C:\Users\crozz\OneDrive\Escritorio\ProyectoAurauco\SeguridadArauco\.venv\Lib\site-packages\django\template\defaulttags.py", line 480, in render
    url = reverse(view_name, args=args, kwargs=kwargs, current_app=current_app)
  File "C:\Users\crozz\OneDrive\Escritorio\ProyectoAurauco\SeguridadArauco\.venv\Lib\site-packages\django\urls\base.py", line 98, in reverse
    resolved_url = resolver._reverse_with_prefix(view, prefix, *args, **kwargs)
  File "C:\Users\crozz\OneDrive\Escritorio\ProyectoAurauco\SeguridadArauco\.venv\Lib\site-packages\django\urls\resolvers.py", line 831, in _reverse_with_prefix
    raise NoReverseMatch(msg)
django.urls.exceptions.NoReverseMatch: Reverse for 'visitas_list' not found. 'visitas_list' is not a valid view function or pattern name.
"GET /visita/3/borrar/ HTTP/1.1" 500 152345
Internal Server Error: /visita/3/borrar/
Traceback (most recent call last):
  File "C:\Users\crozz\OneDrive\Escritorio\ProyectoAurauco\SeguridadArauco\.venv\Lib\site-packages\django\core\handlers\exception.py", line 55, in inner
    response = get_response(request)
  File "C:\Users\crozz\OneDrive\Escritorio\ProyectoAurauco\SeguridadArauco\.venv\Lib\site-packages\django\core\handlers\base.py", line 220, in _get_response
    response = response.render()
  File "C:\Users\crozz\OneDrive\Escritorio\ProyectoAurauco\SeguridadArauco\.venv\Lib\site-packages\django\template\response.py", line 114, in render
    self.content = self.rendered_content
                   ^^^^^^^^^^^^^^^^^^^^^
  File "C:\Users\crozz\OneDrive\Escritorio\ProyectoAurauco\SeguridadArauco\.venv\Lib\site-packages\django\template\response.py", line 92, in rendered_content
    return template.render(context, self._request)
           ~~~~~~~~~~~~~~~^^^^^^^^^^^^^^^^^^^^^^^^
  File "C:\Users\crozz\OneDrive\Escritorio\ProyectoAurauco\SeguridadArauco\.venv\Lib\site-packages\django\template\backends\django.py", line 107, in render
    return self.template.render(context)
           ~~~~~~~~~~~~~~~~~~~~^^^^^^^^^
  File "C:\Users\crozz\OneDrive\Escritorio\ProyectoAurauco\SeguridadArauco\.venv\Lib\site-packages\django\template\base.py", line 171, in render
    return self._render(context)
           ~~~~~~~~~~~~^^^^^^^^^
  File "C:\Users\crozz\OneDrive\Escritorio\ProyectoAurauco\SeguridadArauco\.venv\Lib\site-packages\django\template\base.py", line 163, in _render
    return self.nodelist.render(context)
           ~~~~~~~~~~~~~~~~~~~~^^^^^^^^^
  File "C:\Users\crozz\OneDrive\Escritorio\ProyectoAurauco\SeguridadArauco\.venv\Lib\site-packages\django\template\base.py", line 1016, in render
    return SafeString("".join([node.render_annotated(context) for node in self]))
                               ~~~~~~~~~~~~~~~~~~~~~^^^^^^^^^
  File "C:\Users\crozz\OneDrive\Escritorio\ProyectoAurauco\SeguridadArauco\.venv\Lib\site-packages\django\template\base.py", line 977, in render_annotated
    return self.render(context)
           ~~~~~~~~~~~^^^^^^^^^
  File "C:\Users\crozz\OneDrive\Escritorio\ProyectoAurauco\SeguridadArauco\.venv\Lib\site-packages\django\template\loader_tags.py", line 159, in render
    return compiled_parent._render(context)
           ~~~~~~~~~~~~~~~~~~~~~~~^^^^^^^^^
  File "C:\Users\crozz\OneDrive\Escritorio\ProyectoAurauco\SeguridadArauco\.venv\Lib\site-packages\django\template\base.py", line 163, in _render
    return self.nodelist.render(context)
           ~~~~~~~~~~~~~~~~~~~~^^^^^^^^^
  File "C:\Users\crozz\OneDrive\Escritorio\ProyectoAurauco\SeguridadArauco\.venv\Lib\site-packages\django\template\base.py", line 1016, in render
    return SafeString("".join([node.render_annotated(context) for node in self]))
                               ~~~~~~~~~~~~~~~~~~~~~^^^^^^^^^
  File "C:\Users\crozz\OneDrive\Escritorio\ProyectoAurauco\SeguridadArauco\.venv\Lib\site-packages\django\template\base.py", line 977, in render_annotated
    return self.render(context)
           ~~~~~~~~~~~^^^^^^^^^
  File "C:\Users\crozz\OneDrive\Escritorio\ProyectoAurauco\SeguridadArauco\.venv\Lib\site-packages\django\template\loader_tags.py", line 65, in render
    result = block.nodelist.render(context)
  File "C:\Users\crozz\OneDrive\Escritorio\ProyectoAurauco\SeguridadArauco\.venv\Lib\site-packages\django\template\base.py", line 1016, in render
    return SafeString("".join([node.render_annotated(context) for node in self]))
                               ~~~~~~~~~~~~~~~~~~~~~^^^^^^^^^
  File "C:\Users\crozz\OneDrive\Escritorio\ProyectoAurauco\SeguridadArauco\.venv\Lib\site-packages\django\template\base.py", line 977, in render_annotated
    return self.render(context)
           ~~~~~~~~~~~^^^^^^^^^
  File "C:\Users\crozz\OneDrive\Escritorio\ProyectoAurauco\SeguridadArauco\.venv\Lib\site-packages\django\template\defaulttags.py", line 480, in render
    url = reverse(view_name, args=args, kwargs=kwargs, current_app=current_app)
  File "C:\Users\crozz\OneDrive\Escritorio\ProyectoAurauco\SeguridadArauco\.venv\Lib\site-packages\django\urls\base.py", line 98, in reverse
    resolved_url = resolver._reverse_with_prefix(view, prefix, *args, **kwargs)
  File "C:\Users\crozz\OneDrive\Escritorio\ProyectoAurauco\SeguridadArauco\.venv\Lib\site-packages\django\urls\resolvers.py", line 831, in _reverse_with_prefix
    raise NoReverseMatch(msg)
django.urls.exceptions.NoReverseMatch: Reverse for 'visitas_list' not found. 'visitas_list' is not a valid view function or pattern name.
"GET /visita/3/borrar/ HTTP/1.1" 500 152345
